0 info it worked if it ends with ok
1 verbose cli [ '/usr/bin/nodejs',
1 verbose cli   '/usr/bin/npm',
1 verbose cli   'run-script',
1 verbose cli   'migrate_heroku' ]
2 info using npm@3.5.2
3 info using node@v4.2.6
4 verbose run-script [ 'premigrate_heroku', 'migrate_heroku', 'postmigrate_heroku' ]
5 info lifecycle quiz-2017@0.0.0~premigrate_heroku: quiz-2017@0.0.0
6 silly lifecycle quiz-2017@0.0.0~premigrate_heroku: no script for premigrate_heroku, continuing
7 info lifecycle quiz-2017@0.0.0~migrate_heroku: quiz-2017@0.0.0
8 verbose lifecycle quiz-2017@0.0.0~migrate_heroku: unsafe-perm in lifecycle true
9 verbose lifecycle quiz-2017@0.0.0~migrate_heroku: PATH: /usr/share/npm/bin/node-gyp-bin:/home/marta/Documentos/CORE/quiz_2017/node_modules/.bin:/home/marta/bin:/home/marta/.local/bin:/usr/local/sbin:/usr/local/bin:/usr/sbin:/usr/bin:/sbin:/bin:/usr/games:/usr/local/games:/snap/bin
10 verbose lifecycle quiz-2017@0.0.0~migrate_heroku: CWD: /home/marta/Documentos/CORE/quiz_2017
11 silly lifecycle quiz-2017@0.0.0~migrate_heroku: Args: [ '-c',
11 silly lifecycle   'heroku run ./node_modules/.bin/sequelize db:migrate --url \\$DATABASE_URL' ]
12 silly lifecycle quiz-2017@0.0.0~migrate_heroku: Returned: code: 2  signal: null
13 info lifecycle quiz-2017@0.0.0~migrate_heroku: Failed to exec migrate_heroku script
14 verbose stack Error: quiz-2017@0.0.0 migrate_heroku: `heroku run ./node_modules/.bin/sequelize db:migrate --url \$DATABASE_URL`
14 verbose stack Exit status 2
14 verbose stack     at EventEmitter.<anonymous> (/usr/share/npm/lib/utils/lifecycle.js:232:16)
14 verbose stack     at emitTwo (events.js:87:13)
14 verbose stack     at EventEmitter.emit (events.js:172:7)
14 verbose stack     at ChildProcess.<anonymous> (/usr/share/npm/lib/utils/spawn.js:24:14)
14 verbose stack     at emitTwo (events.js:87:13)
14 verbose stack     at ChildProcess.emit (events.js:172:7)
14 verbose stack     at maybeClose (internal/child_process.js:821:16)
14 verbose stack     at Process.ChildProcess._handle.onexit (internal/child_process.js:211:5)
15 verbose pkgid quiz-2017@0.0.0
16 verbose cwd /home/marta/Documentos/CORE/quiz_2017
17 error Linux 4.8.0-36-generic
18 error argv "/usr/bin/nodejs" "/usr/bin/npm" "run-script" "migrate_heroku"
19 error node v4.2.6
20 error npm  v3.5.2
21 error code ELIFECYCLE
22 error quiz-2017@0.0.0 migrate_heroku: `heroku run ./node_modules/.bin/sequelize db:migrate --url \$DATABASE_URL`
22 error Exit status 2
23 error Failed at the quiz-2017@0.0.0 migrate_heroku script 'heroku run ./node_modules/.bin/sequelize db:migrate --url \$DATABASE_URL'.
23 error Make sure you have the latest version of node.js and npm installed.
23 error If you do, this is most likely a problem with the quiz-2017 package,
23 error not with npm itself.
23 error Tell the author that this fails on your system:
23 error     heroku run ./node_modules/.bin/sequelize db:migrate --url \$DATABASE_URL
23 error You can get information on how to open an issue for this project with:
23 error     npm bugs quiz-2017
23 error Or if that isn't available, you can get their info via:
23 error     npm owner ls quiz-2017
23 error There is likely additional logging output above.
24 verbose exit [ 1, true ]
